{"/Users/pham.duc.viet/Temp/nuxt-grapql-typescirpt/client/components/BookDetails/index.vue": {"path":"/Users/pham.duc.viet/Temp/nuxt-grapql-typescirpt/client/components/BookDetails/index.vue","statementMap":{"0":{"start":{"line":27,"column":0},"end":{"line":27,"column":null}},"1":{"start":{"line":31,"column":0},"end":{"line":31,"column":null}},"2":{"start":{"line":32,"column":0},"end":{"line":32,"column":null}},"3":{"start":{"line":33,"column":0},"end":{"line":33,"column":null}}},"fnMap":{},"branchMap":{},"s":{"0":1,"1":2,"2":1,"3":1},"f":{},"b":{}}
,"/Users/pham.duc.viet/Temp/nuxt-grapql-typescirpt/client/components/BookList/index.vue": {"path":"/Users/pham.duc.viet/Temp/nuxt-grapql-typescirpt/client/components/BookList/index.vue","statementMap":{"0":{"start":{"line":26,"column":0},"end":{"line":26,"column":null}},"1":{"start":{"line":27,"column":0},"end":{"line":27,"column":null}},"2":{"start":{"line":29,"column":0},"end":{"line":29,"column":null}},"3":{"start":{"line":36,"column":0},"end":{"line":36,"column":null}},"4":{"start":{"line":37,"column":0},"end":{"line":37,"column":null}},"5":{"start":{"line":45,"column":0},"end":{"line":45,"column":null}},"6":{"start":{"line":49,"column":0},"end":{"line":59,"column":null}},"7":{"start":{"line":50,"column":0},"end":{"line":50,"column":null}},"8":{"start":{"line":56,"column":0},"end":{"line":56,"column":null}},"9":{"start":{"line":58,"column":0},"end":{"line":58,"column":null}},"10":{"start":{"line":63,"column":0},"end":{"line":73,"column":null}},"11":{"start":{"line":64,"column":0},"end":{"line":64,"column":null}},"12":{"start":{"line":65,"column":0},"end":{"line":69,"column":null}},"13":{"start":{"line":69,"column":0},"end":{"line":69,"column":null}},"14":{"start":{"line":72,"column":0},"end":{"line":72,"column":null}},"15":{"start":{"line":39,"column":0},"end":{"line":39,"column":null}},"16":{"start":{"line":40,"column":0},"end":{"line":40,"column":null}},"17":{"start":{"line":41,"column":0},"end":{"line":41,"column":null}},"18":{"start":{"line":42,"column":0},"end":{"line":42,"column":null}},"19":{"start":{"line":36,"column":0},"end":{"line":31,"column":null}}},"fnMap":{"0":{"name":"(anonymous_2)","decl":{"start":{"line":36,"column":0},"end":{"line":36,"column":null}},"loc":{"start":{"line":36,"column":0},"end":{"line":75,"column":null}}},"1":{"name":"(anonymous_3)","decl":{"start":{"line":44,"column":0},"end":{"line":44,"column":null}},"loc":{"start":{"line":44,"column":0},"end":{"line":46,"column":null}}},"2":{"name":"(anonymous_4)","decl":{"start":{"line":48,"column":0},"end":{"line":48,"column":null}},"loc":{"start":{"line":48,"column":0},"end":{"line":60,"column":null}}},"3":{"name":"(anonymous_5)","decl":{"start":{"line":62,"column":0},"end":{"line":62,"column":null}},"loc":{"start":{"line":62,"column":0},"end":{"line":74,"column":null}}},"4":{"name":"(anonymous_6)","decl":{"start":{"line":65,"column":0},"end":{"line":65,"column":null}},"loc":{"start":{"line":69,"column":0},"end":{"line":69,"column":null}}},"5":{"name":"(anonymous_7)","decl":{"start":{"line":69,"column":0},"end":{"line":69,"column":null}},"loc":{"start":{"line":69,"column":0},"end":{"line":69,"column":null}}},"6":{"name":"(anonymous_8)","decl":{"start":{"line":40,"column":0},"end":{"line":40,"column":null}},"loc":{"start":{"line":40,"column":0},"end":{"line":40,"column":null}}}},"branchMap":{},"s":{"0":1,"1":1,"2":1,"3":1,"4":1,"5":1,"6":0,"7":0,"8":0,"9":0,"10":0,"11":0,"12":0,"13":0,"14":0,"15":1,"16":2,"17":1,"18":1,"19":1},"f":{"0":1,"1":1,"2":0,"3":0,"4":0,"5":0,"6":1},"b":{}}
,"/Users/pham.duc.viet/Temp/nuxt-grapql-typescirpt/client/components/CustomInput/index.vue": {"path":"/Users/pham.duc.viet/Temp/nuxt-grapql-typescirpt/client/components/CustomInput/index.vue","statementMap":{"0":{"start":{"line":28,"column":0},"end":{"line":28,"column":null}},"1":{"start":{"line":32,"column":0},"end":{"line":32,"column":null}},"2":{"start":{"line":33,"column":0},"end":{"line":33,"column":null}},"3":{"start":{"line":34,"column":0},"end":{"line":34,"column":null}},"4":{"start":{"line":35,"column":0},"end":{"line":35,"column":null}},"5":{"start":{"line":36,"column":0},"end":{"line":36,"column":null}},"6":{"start":{"line":37,"column":0},"end":{"line":37,"column":null}},"7":{"start":{"line":38,"column":0},"end":{"line":38,"column":null}}},"fnMap":{},"branchMap":{},"s":{"0":0,"1":0,"2":0,"3":0,"4":0,"5":0,"6":0,"7":0},"f":{},"b":{}}
,"/Users/pham.duc.viet/Temp/nuxt-grapql-typescirpt/client/components/Form/Author/index.vue": {"path":"/Users/pham.duc.viet/Temp/nuxt-grapql-typescirpt/client/components/Form/Author/index.vue","statementMap":{"0":{"start":{"line":33,"column":0},"end":{"line":33,"column":null}},"1":{"start":{"line":35,"column":0},"end":{"line":35,"column":null}},"2":{"start":{"line":36,"column":0},"end":{"line":36,"column":null}},"3":{"start":{"line":43,"column":0},"end":{"line":43,"column":null}},"4":{"start":{"line":44,"column":0},"end":{"line":44,"column":null}},"5":{"start":{"line":54,"column":0},"end":{"line":66,"column":null}},"6":{"start":{"line":55,"column":0},"end":{"line":55,"column":null}},"7":{"start":{"line":57,"column":0},"end":{"line":63,"column":null}},"8":{"start":{"line":61,"column":0},"end":{"line":61,"column":null}},"9":{"start":{"line":62,"column":0},"end":{"line":62,"column":null}},"10":{"start":{"line":65,"column":0},"end":{"line":65,"column":null}},"11":{"start":{"line":49,"column":0},"end":{"line":49,"column":null}},"12":{"start":{"line":51,"column":0},"end":{"line":51,"column":null}},"13":{"start":{"line":43,"column":0},"end":{"line":38,"column":null}}},"fnMap":{"0":{"name":"(anonymous_2)","decl":{"start":{"line":43,"column":0},"end":{"line":43,"column":null}},"loc":{"start":{"line":43,"column":0},"end":{"line":68,"column":null}}},"1":{"name":"(anonymous_3)","decl":{"start":{"line":53,"column":0},"end":{"line":53,"column":null}},"loc":{"start":{"line":53,"column":0},"end":{"line":67,"column":null}}},"2":{"name":"(anonymous_4)","decl":{"start":{"line":57,"column":0},"end":{"line":57,"column":null}},"loc":{"start":{"line":60,"column":0},"end":{"line":63,"column":null}}}},"branchMap":{},"s":{"0":0,"1":0,"2":0,"3":0,"4":0,"5":0,"6":0,"7":0,"8":0,"9":0,"10":0,"11":0,"12":0,"13":0},"f":{"0":0,"1":0,"2":0},"b":{}}
,"/Users/pham.duc.viet/Temp/nuxt-grapql-typescirpt/client/components/Form/Book/index.vue": {"path":"/Users/pham.duc.viet/Temp/nuxt-grapql-typescirpt/client/components/Form/Book/index.vue","statementMap":{"0":{"start":{"line":34,"column":0},"end":{"line":34,"column":null}},"1":{"start":{"line":36,"column":0},"end":{"line":36,"column":null}},"2":{"start":{"line":37,"column":0},"end":{"line":37,"column":null}},"3":{"start":{"line":38,"column":0},"end":{"line":38,"column":null}},"4":{"start":{"line":39,"column":0},"end":{"line":39,"column":null}},"5":{"start":{"line":41,"column":0},"end":{"line":41,"column":null}},"6":{"start":{"line":43,"column":0},"end":{"line":43,"column":null}},"7":{"start":{"line":44,"column":0},"end":{"line":44,"column":null}},"8":{"start":{"line":54,"column":0},"end":{"line":54,"column":null}},"9":{"start":{"line":55,"column":0},"end":{"line":55,"column":null}},"10":{"start":{"line":67,"column":0},"end":{"line":67,"column":null}},"11":{"start":{"line":74,"column":0},"end":{"line":74,"column":null}},"12":{"start":{"line":76,"column":0},"end":{"line":76,"column":null}},"13":{"start":{"line":80,"column":0},"end":{"line":87,"column":null}},"14":{"start":{"line":81,"column":0},"end":{"line":81,"column":null}},"15":{"start":{"line":84,"column":0},"end":{"line":84,"column":null}},"16":{"start":{"line":86,"column":0},"end":{"line":86,"column":null}},"17":{"start":{"line":91,"column":0},"end":{"line":115,"column":null}},"18":{"start":{"line":92,"column":0},"end":{"line":92,"column":null}},"19":{"start":{"line":94,"column":0},"end":{"line":110,"column":null}},"20":{"start":{"line":95,"column":0},"end":{"line":100,"column":null}},"21":{"start":{"line":99,"column":0},"end":{"line":99,"column":null}},"22":{"start":{"line":102,"column":0},"end":{"line":108,"column":null}},"23":{"start":{"line":107,"column":0},"end":{"line":107,"column":null}},"24":{"start":{"line":108,"column":0},"end":{"line":108,"column":null}},"25":{"start":{"line":112,"column":0},"end":{"line":112,"column":null}},"26":{"start":{"line":114,"column":0},"end":{"line":114,"column":null}},"27":{"start":{"line":120,"column":0},"end":{"line":120,"column":null}},"28":{"start":{"line":121,"column":0},"end":{"line":121,"column":null}},"29":{"start":{"line":57,"column":0},"end":{"line":57,"column":null}},"30":{"start":{"line":58,"column":0},"end":{"line":58,"column":null}},"31":{"start":{"line":60,"column":0},"end":{"line":60,"column":null}},"32":{"start":{"line":61,"column":0},"end":{"line":61,"column":null}},"33":{"start":{"line":62,"column":0},"end":{"line":62,"column":null}},"34":{"start":{"line":63,"column":0},"end":{"line":63,"column":null}},"35":{"start":{"line":65,"column":0},"end":{"line":65,"column":null}},"36":{"start":{"line":119,"column":0},"end":{"line":118,"column":null}},"37":{"start":{"line":54,"column":0},"end":{"line":49,"column":null}}},"fnMap":{"0":{"name":"(anonymous_2)","decl":{"start":{"line":42,"column":0},"end":{"line":42,"column":null}},"loc":{"start":{"line":42,"column":0},"end":{"line":45,"column":null}}},"1":{"name":"(anonymous_3)","decl":{"start":{"line":54,"column":0},"end":{"line":54,"column":null}},"loc":{"start":{"line":54,"column":0},"end":{"line":123,"column":null}}},"2":{"name":"(anonymous_4)","decl":{"start":{"line":73,"column":0},"end":{"line":73,"column":null}},"loc":{"start":{"line":73,"column":0},"end":{"line":77,"column":null}}},"3":{"name":"(anonymous_5)","decl":{"start":{"line":79,"column":0},"end":{"line":79,"column":null}},"loc":{"start":{"line":79,"column":0},"end":{"line":88,"column":null}}},"4":{"name":"(anonymous_6)","decl":{"start":{"line":90,"column":0},"end":{"line":90,"column":null}},"loc":{"start":{"line":90,"column":0},"end":{"line":116,"column":null}}},"5":{"name":"(anonymous_7)","decl":{"start":{"line":95,"column":0},"end":{"line":95,"column":null}},"loc":{"start":{"line":98,"column":0},"end":{"line":100,"column":null}}},"6":{"name":"(anonymous_8)","decl":{"start":{"line":102,"column":0},"end":{"line":102,"column":null}},"loc":{"start":{"line":106,"column":0},"end":{"line":108,"column":null}}},"7":{"name":"(anonymous_9)","decl":{"start":{"line":108,"column":0},"end":{"line":108,"column":null}},"loc":{"start":{"line":108,"column":0},"end":{"line":108,"column":null}}},"8":{"name":"(anonymous_10)","decl":{"start":{"line":119,"column":0},"end":{"line":119,"column":null}},"loc":{"start":{"line":119,"column":0},"end":{"line":122,"column":null}}},"9":{"name":"(anonymous_11)","decl":{"start":{"line":60,"column":0},"end":{"line":60,"column":null}},"loc":{"start":{"line":60,"column":0},"end":{"line":60,"column":null}}}},"branchMap":{"0":{"loc":{"start":{"line":42,"column":0},"end":{"line":42,"column":null}},"type":"default-arg","locations":[{"start":{"line":42,"column":0},"end":{"line":42,"column":null}}]},"1":{"loc":{"start":{"line":76,"column":0},"end":{"line":76,"column":null}},"type":"if","locations":[{"start":{"line":76,"column":0},"end":{"line":76,"column":null}},{"start":{"line":76,"column":0},"end":{"line":76,"column":null}}]},"2":{"loc":{"start":{"line":94,"column":0},"end":{"line":110,"column":null}},"type":"if","locations":[{"start":{"line":94,"column":0},"end":{"line":110,"column":null}},{"start":{"line":94,"column":0},"end":{"line":110,"column":null}}]}},"s":{"0":0,"1":0,"2":0,"3":0,"4":0,"5":0,"6":0,"7":0,"8":0,"9":0,"10":0,"11":0,"12":0,"13":0,"14":0,"15":0,"16":0,"17":0,"18":0,"19":0,"20":0,"21":0,"22":0,"23":0,"24":0,"25":0,"26":0,"27":0,"28":0,"29":0,"30":0,"31":0,"32":0,"33":0,"34":0,"35":0,"36":0,"37":0},"f":{"0":0,"1":0,"2":0,"3":0,"4":0,"5":0,"6":0,"7":0,"8":0,"9":0},"b":{"0":[0],"1":[0,0],"2":[0,0]}}
,"/Users/pham.duc.viet/Temp/nuxt-grapql-typescirpt/client/pages/book.vue": {"path":"/Users/pham.duc.viet/Temp/nuxt-grapql-typescirpt/client/pages/book.vue","statementMap":{"0":{"start":{"line":60,"column":0},"end":{"line":60,"column":null}},"1":{"start":{"line":61,"column":0},"end":{"line":61,"column":null}},"2":{"start":{"line":62,"column":0},"end":{"line":62,"column":null}},"3":{"start":{"line":63,"column":0},"end":{"line":63,"column":null}},"4":{"start":{"line":72,"column":0},"end":{"line":72,"column":null}},"5":{"start":{"line":73,"column":0},"end":{"line":77,"column":null}},"6":{"start":{"line":83,"column":0},"end":{"line":83,"column":null}},"7":{"start":{"line":84,"column":0},"end":{"line":84,"column":null}},"8":{"start":{"line":86,"column":0},"end":{"line":103,"column":null}},"9":{"start":{"line":118,"column":0},"end":{"line":118,"column":null}},"10":{"start":{"line":122,"column":0},"end":{"line":122,"column":null}},"11":{"start":{"line":126,"column":0},"end":{"line":126,"column":null}},"12":{"start":{"line":138,"column":0},"end":{"line":151,"column":null}},"13":{"start":{"line":139,"column":0},"end":{"line":148,"column":null}},"14":{"start":{"line":147,"column":0},"end":{"line":147,"column":null}},"15":{"start":{"line":150,"column":0},"end":{"line":150,"column":null}},"16":{"start":{"line":155,"column":0},"end":{"line":163,"column":null}},"17":{"start":{"line":156,"column":0},"end":{"line":156,"column":null}},"18":{"start":{"line":160,"column":0},"end":{"line":160,"column":null}},"19":{"start":{"line":162,"column":0},"end":{"line":162,"column":null}},"20":{"start":{"line":167,"column":0},"end":{"line":167,"column":null}},"21":{"start":{"line":168,"column":0},"end":{"line":168,"column":null}},"22":{"start":{"line":174,"column":0},"end":{"line":174,"column":null}},"23":{"start":{"line":175,"column":0},"end":{"line":175,"column":null}},"24":{"start":{"line":180,"column":0},"end":{"line":180,"column":null}},"25":{"start":{"line":181,"column":0},"end":{"line":181,"column":null}},"26":{"start":{"line":190,"column":0},"end":{"line":190,"column":null}},"27":{"start":{"line":192,"column":0},"end":{"line":208,"column":null}},"28":{"start":{"line":193,"column":0},"end":{"line":193,"column":null}},"29":{"start":{"line":194,"column":0},"end":{"line":194,"column":null}},"30":{"start":{"line":201,"column":0},"end":{"line":201,"column":null}},"31":{"start":{"line":202,"column":0},"end":{"line":202,"column":null}},"32":{"start":{"line":203,"column":0},"end":{"line":203,"column":null}},"33":{"start":{"line":204,"column":0},"end":{"line":204,"column":null}},"34":{"start":{"line":109,"column":0},"end":{"line":109,"column":null}},"35":{"start":{"line":111,"column":0},"end":{"line":111,"column":null}},"36":{"start":{"line":113,"column":0},"end":{"line":113,"column":null}},"37":{"start":{"line":114,"column":0},"end":{"line":114,"column":null}},"38":{"start":{"line":115,"column":0},"end":{"line":115,"column":null}},"39":{"start":{"line":179,"column":0},"end":{"line":178,"column":null}},"40":{"start":{"line":189,"column":0},"end":{"line":188,"column":null}},"41":{"start":{"line":72,"column":0},"end":{"line":67,"column":null}}},"fnMap":{"0":{"name":"(anonymous_2)","decl":{"start":{"line":72,"column":0},"end":{"line":72,"column":null}},"loc":{"start":{"line":72,"column":0},"end":{"line":210,"column":null}}},"1":{"name":"(anonymous_3)","decl":{"start":{"line":117,"column":0},"end":{"line":117,"column":null}},"loc":{"start":{"line":117,"column":0},"end":{"line":119,"column":null}}},"2":{"name":"(anonymous_4)","decl":{"start":{"line":121,"column":0},"end":{"line":121,"column":null}},"loc":{"start":{"line":121,"column":0},"end":{"line":123,"column":null}}},"3":{"name":"(anonymous_5)","decl":{"start":{"line":125,"column":0},"end":{"line":125,"column":null}},"loc":{"start":{"line":125,"column":0},"end":{"line":127,"column":null}}},"4":{"name":"(anonymous_6)","decl":{"start":{"line":126,"column":0},"end":{"line":126,"column":null}},"loc":{"start":{"line":126,"column":0},"end":{"line":126,"column":null}}},"5":{"name":"(anonymous_7)","decl":{"start":{"line":129,"column":0},"end":{"line":129,"column":null}},"loc":{"start":{"line":129,"column":0},"end":{"line":152,"column":null}}},"6":{"name":"(anonymous_8)","decl":{"start":{"line":139,"column":0},"end":{"line":139,"column":null}},"loc":{"start":{"line":146,"column":0},"end":{"line":148,"column":null}}},"7":{"name":"(anonymous_9)","decl":{"start":{"line":154,"column":0},"end":{"line":154,"column":null}},"loc":{"start":{"line":154,"column":0},"end":{"line":164,"column":null}}},"8":{"name":"(anonymous_10)","decl":{"start":{"line":166,"column":0},"end":{"line":166,"column":null}},"loc":{"start":{"line":166,"column":0},"end":{"line":176,"column":null}}},"9":{"name":"(anonymous_11)","decl":{"start":{"line":167,"column":0},"end":{"line":167,"column":null}},"loc":{"start":{"line":167,"column":0},"end":{"line":167,"column":null}}},"10":{"name":"(anonymous_12)","decl":{"start":{"line":179,"column":0},"end":{"line":179,"column":null}},"loc":{"start":{"line":179,"column":0},"end":{"line":186,"column":null}}},"11":{"name":"(anonymous_13)","decl":{"start":{"line":189,"column":0},"end":{"line":189,"column":null}},"loc":{"start":{"line":189,"column":0},"end":{"line":209,"column":null}}},"12":{"name":"(anonymous_14)","decl":{"start":{"line":109,"column":0},"end":{"line":109,"column":null}},"loc":{"start":{"line":109,"column":0},"end":{"line":109,"column":null}}}},"branchMap":{"0":{"loc":{"start":{"line":126,"column":0},"end":{"line":126,"column":null}},"type":"cond-expr","locations":[{"start":{"line":126,"column":0},"end":{"line":126,"column":null}},{"start":{"line":126,"column":0},"end":{"line":126,"column":null}}]},"1":{"loc":{"start":{"line":184,"column":0},"end":{"line":184,"column":null}},"type":"binary-expr","locations":[{"start":{"line":184,"column":0},"end":{"line":184,"column":null}},{"start":{"line":184,"column":0},"end":{"line":184,"column":null}}]},"2":{"loc":{"start":{"line":192,"column":0},"end":{"line":208,"column":null}},"type":"if","locations":[{"start":{"line":192,"column":0},"end":{"line":208,"column":null}},{"start":{"line":192,"column":0},"end":{"line":208,"column":null}}]}},"s":{"0":0,"1":0,"2":0,"3":0,"4":0,"5":0,"6":0,"7":0,"8":0,"9":0,"10":0,"11":0,"12":0,"13":0,"14":0,"15":0,"16":0,"17":0,"18":0,"19":0,"20":0,"21":0,"22":0,"23":0,"24":0,"25":0,"26":0,"27":0,"28":0,"29":0,"30":0,"31":0,"32":0,"33":0,"34":0,"35":0,"36":0,"37":0,"38":0,"39":0,"40":0,"41":0},"f":{"0":0,"1":0,"2":0,"3":0,"4":0,"5":0,"6":0,"7":0,"8":0,"9":0,"10":0,"11":0,"12":0},"b":{"0":[0,0],"1":[0,0],"2":[0,0]}}
,"/Users/pham.duc.viet/Temp/nuxt-grapql-typescirpt/client/pages/index.vue": {"path":"/Users/pham.duc.viet/Temp/nuxt-grapql-typescirpt/client/pages/index.vue","statementMap":{"0":{"start":{"line":19,"column":0},"end":{"line":19,"column":null}},"1":{"start":{"line":20,"column":0},"end":{"line":20,"column":null}},"2":{"start":{"line":21,"column":0},"end":{"line":21,"column":null}},"3":{"start":{"line":22,"column":0},"end":{"line":22,"column":null}},"4":{"start":{"line":31,"column":0},"end":{"line":31,"column":null}},"5":{"start":{"line":31,"column":0},"end":{"line":24,"column":null}}},"fnMap":{},"branchMap":{},"s":{"0":0,"1":0,"2":0,"3":0,"4":0,"5":0},"f":{},"b":{}}
,"/Users/pham.duc.viet/Temp/nuxt-grapql-typescirpt/client/pages/book/edit.vue": {"path":"/Users/pham.duc.viet/Temp/nuxt-grapql-typescirpt/client/pages/book/edit.vue","statementMap":{"0":{"start":{"line":6,"column":0},"end":{"line":6,"column":null}},"1":{"start":{"line":9,"column":0},"end":{"line":9,"column":null}}},"fnMap":{},"branchMap":{},"s":{"0":0,"1":0},"f":{},"b":{}}
,"/Users/pham.duc.viet/Temp/nuxt-grapql-typescirpt/client/pages/book/index.vue": {"path":"/Users/pham.duc.viet/Temp/nuxt-grapql-typescirpt/client/pages/book/index.vue","statementMap":{"0":{"start":{"line":6,"column":0},"end":{"line":6,"column":null}},"1":{"start":{"line":9,"column":0},"end":{"line":9,"column":null}}},"fnMap":{},"branchMap":{},"s":{"0":0,"1":0},"f":{},"b":{}}
,"/Users/pham.duc.viet/Temp/nuxt-grapql-typescirpt/client/store/author/actions.ts": {"path":"/Users/pham.duc.viet/Temp/nuxt-grapql-typescirpt/client/store/author/actions.ts","statementMap":{"0":{"start":{"line":5,"column":13},"end":{"line":13,"column":2}},"1":{"start":{"line":7,"column":4},"end":{"line":7,"column":37}},"2":{"start":{"line":11,"column":4},"end":{"line":11,"column":36}},"3":{"start":{"line":15,"column":0},"end":{"line":15,"column":22}}},"fnMap":{"0":{"name":"(anonymous_0)","decl":{"start":{"line":6,"column":2},"end":{"line":6,"column":15}},"loc":{"start":{"line":6,"column":49},"end":{"line":8,"column":3}}},"1":{"name":"(anonymous_1)","decl":{"start":{"line":10,"column":2},"end":{"line":10,"column":14}},"loc":{"start":{"line":10,"column":46},"end":{"line":12,"column":3}}}},"branchMap":{},"s":{"0":0,"1":0,"2":0,"3":0},"f":{"0":0,"1":0},"b":{}}
,"/Users/pham.duc.viet/Temp/nuxt-grapql-typescirpt/client/store/author/mutations.ts": {"path":"/Users/pham.duc.viet/Temp/nuxt-grapql-typescirpt/client/store/author/mutations.ts","statementMap":{"0":{"start":{"line":5,"column":13},"end":{"line":14,"column":2}},"1":{"start":{"line":7,"column":4},"end":{"line":7,"column":32}},"2":{"start":{"line":11,"column":4},"end":{"line":11,"column":27}},"3":{"start":{"line":12,"column":4},"end":{"line":12,"column":36}},"4":{"start":{"line":16,"column":0},"end":{"line":16,"column":24}}},"fnMap":{"0":{"name":"(anonymous_0)","decl":{"start":{"line":6,"column":2},"end":{"line":6,"column":15}},"loc":{"start":{"line":6,"column":57},"end":{"line":8,"column":3}}},"1":{"name":"(anonymous_1)","decl":{"start":{"line":10,"column":2},"end":{"line":10,"column":14}},"loc":{"start":{"line":10,"column":54},"end":{"line":13,"column":3}}}},"branchMap":{},"s":{"0":0,"1":0,"2":0,"3":0,"4":0},"f":{"0":0,"1":0},"b":{}}
,"/Users/pham.duc.viet/Temp/nuxt-grapql-typescirpt/client/store/author/state.ts": {"path":"/Users/pham.duc.viet/Temp/nuxt-grapql-typescirpt/client/store/author/state.ts","statementMap":{"0":{"start":{"line":3,"column":25},"end":{"line":6,"column":2}},"1":{"start":{"line":3,"column":45},"end":{"line":6,"column":2}},"2":{"start":{"line":3,"column":13},"end":{"line":3,"column":25}},"3":{"start":{"line":8,"column":0},"end":{"line":8,"column":25}}},"fnMap":{"0":{"name":"(anonymous_0)","decl":{"start":{"line":3,"column":25},"end":{"line":3,"column":41}},"loc":{"start":{"line":3,"column":45},"end":{"line":6,"column":2}}}},"branchMap":{},"s":{"0":0,"1":0,"2":0,"3":0},"f":{"0":0},"b":{}}
,"/Users/pham.duc.viet/Temp/nuxt-grapql-typescirpt/client/store/books/actions.ts": {"path":"/Users/pham.duc.viet/Temp/nuxt-grapql-typescirpt/client/store/books/actions.ts","statementMap":{"0":{"start":{"line":5,"column":13},"end":{"line":25,"column":2}},"1":{"start":{"line":7,"column":4},"end":{"line":7,"column":36}},"2":{"start":{"line":11,"column":4},"end":{"line":11,"column":31}},"3":{"start":{"line":15,"column":4},"end":{"line":15,"column":34}},"4":{"start":{"line":19,"column":4},"end":{"line":19,"column":34}},"5":{"start":{"line":23,"column":4},"end":{"line":23,"column":34}},"6":{"start":{"line":27,"column":0},"end":{"line":27,"column":23}}},"fnMap":{"0":{"name":"(anonymous_0)","decl":{"start":{"line":6,"column":2},"end":{"line":6,"column":14}},"loc":{"start":{"line":6,"column":50},"end":{"line":8,"column":3}}},"1":{"name":"(anonymous_1)","decl":{"start":{"line":10,"column":2},"end":{"line":10,"column":9}},"loc":{"start":{"line":10,"column":54},"end":{"line":12,"column":3}}},"2":{"name":"(anonymous_2)","decl":{"start":{"line":14,"column":2},"end":{"line":14,"column":12}},"loc":{"start":{"line":14,"column":48},"end":{"line":16,"column":3}}},"3":{"name":"(anonymous_3)","decl":{"start":{"line":18,"column":2},"end":{"line":18,"column":12}},"loc":{"start":{"line":18,"column":48},"end":{"line":20,"column":3}}},"4":{"name":"(anonymous_4)","decl":{"start":{"line":22,"column":2},"end":{"line":22,"column":12}},"loc":{"start":{"line":22,"column":48},"end":{"line":24,"column":3}}}},"branchMap":{},"s":{"0":0,"1":0,"2":0,"3":0,"4":0,"5":0,"6":0},"f":{"0":0,"1":0,"2":0,"3":0,"4":0},"b":{}}
,"/Users/pham.duc.viet/Temp/nuxt-grapql-typescirpt/client/store/books/getters.ts": {"path":"/Users/pham.duc.viet/Temp/nuxt-grapql-typescirpt/client/store/books/getters.ts","statementMap":{"0":{"start":{"line":4,"column":13},"end":{"line":6,"column":2}},"1":{"start":{"line":5,"column":32},"end":{"line":5,"column":53}},"2":{"start":{"line":8,"column":0},"end":{"line":8,"column":23}}},"fnMap":{"0":{"name":"(anonymous_0)","decl":{"start":{"line":5,"column":10},"end":{"line":5,"column":11}},"loc":{"start":{"line":5,"column":32},"end":{"line":5,"column":53}}}},"branchMap":{},"s":{"0":0,"1":0,"2":0},"f":{"0":0},"b":{}}
,"/Users/pham.duc.viet/Temp/nuxt-grapql-typescirpt/client/store/books/mutations.ts": {"path":"/Users/pham.duc.viet/Temp/nuxt-grapql-typescirpt/client/store/books/mutations.ts","statementMap":{"0":{"start":{"line":5,"column":13},"end":{"line":29,"column":2}},"1":{"start":{"line":7,"column":4},"end":{"line":7,"column":30}},"2":{"start":{"line":11,"column":4},"end":{"line":11,"column":31}},"3":{"start":{"line":15,"column":4},"end":{"line":15,"column":25}},"4":{"start":{"line":16,"column":4},"end":{"line":16,"column":40}},"5":{"start":{"line":20,"column":18},"end":{"line":20,"column":83}},"6":{"start":{"line":20,"column":60},"end":{"line":20,"column":82}},"7":{"start":{"line":21,"column":4},"end":{"line":21,"column":43}},"8":{"start":{"line":25,"column":18},"end":{"line":25,"column":83}},"9":{"start":{"line":25,"column":60},"end":{"line":25,"column":82}},"10":{"start":{"line":27,"column":4},"end":{"line":27,"column":68}},"11":{"start":{"line":31,"column":0},"end":{"line":31,"column":25}}},"fnMap":{"0":{"name":"(anonymous_0)","decl":{"start":{"line":6,"column":2},"end":{"line":6,"column":14}},"loc":{"start":{"line":6,"column":54},"end":{"line":8,"column":3}}},"1":{"name":"(anonymous_1)","decl":{"start":{"line":10,"column":2},"end":{"line":10,"column":9}},"loc":{"start":{"line":10,"column":60},"end":{"line":12,"column":3}}},"2":{"name":"(anonymous_2)","decl":{"start":{"line":14,"column":2},"end":{"line":14,"column":12}},"loc":{"start":{"line":14,"column":54},"end":{"line":17,"column":3}}},"3":{"name":"(anonymous_3)","decl":{"start":{"line":19,"column":2},"end":{"line":19,"column":12}},"loc":{"start":{"line":19,"column":54},"end":{"line":22,"column":3}}},"4":{"name":"(anonymous_4)","decl":{"start":{"line":20,"column":50},"end":{"line":20,"column":51}},"loc":{"start":{"line":20,"column":60},"end":{"line":20,"column":82}}},"5":{"name":"(anonymous_5)","decl":{"start":{"line":24,"column":2},"end":{"line":24,"column":12}},"loc":{"start":{"line":24,"column":54},"end":{"line":28,"column":3}}},"6":{"name":"(anonymous_6)","decl":{"start":{"line":25,"column":50},"end":{"line":25,"column":51}},"loc":{"start":{"line":25,"column":60},"end":{"line":25,"column":82}}}},"branchMap":{"0":{"loc":{"start":{"line":27,"column":4},"end":{"line":27,"column":16}},"type":"binary-expr","locations":[{"start":{"line":27,"column":4},"end":{"line":27,"column":16}},{"start":{"line":27,"column":20},"end":{"line":27,"column":67}}]}},"s":{"0":0,"1":0,"2":0,"3":0,"4":0,"5":0,"6":0,"7":0,"8":0,"9":0,"10":0,"11":0},"f":{"0":0,"1":0,"2":0,"3":0,"4":0,"5":0,"6":0},"b":{"0":[0,0]}}
,"/Users/pham.duc.viet/Temp/nuxt-grapql-typescirpt/client/store/books/state.ts": {"path":"/Users/pham.duc.viet/Temp/nuxt-grapql-typescirpt/client/store/books/state.ts","statementMap":{"0":{"start":{"line":3,"column":25},"end":{"line":13,"column":2}},"1":{"start":{"line":3,"column":43},"end":{"line":13,"column":2}},"2":{"start":{"line":3,"column":13},"end":{"line":3,"column":25}},"3":{"start":{"line":15,"column":0},"end":{"line":15,"column":25}}},"fnMap":{"0":{"name":"(anonymous_0)","decl":{"start":{"line":3,"column":25},"end":{"line":3,"column":39}},"loc":{"start":{"line":3,"column":43},"end":{"line":13,"column":2}}}},"branchMap":{},"s":{"0":0,"1":0,"2":0,"3":0},"f":{"0":0},"b":{}}
}
